<?xml version="1.0" encoding="UTF-8"?>
<!-- Generated by org.testng.reporters.JUnitReportReporter -->
<testsuite hostname="shaautovm01" name="com.covisint.cms.rp.CMS_RP_Test" tests="1" failures="0" timestamp="10 Aug 2012 11:22:41 GMT" time="156.500" errors="0">
  <testcase name="testCMS_112_Publish_Web_Content" time="156.500" classname="com.covisint.cms.rp.CMS_RP_Test"/>
</testsuite> <!-- com.covisint.cms.rp.CMS_RP_Test -->
